#
# A fatal error has been detected by the Java Runtime Environment:
#
#  EXCEPTION_ACCESS_VIOLATION (0xc0000005) at pc=0x000000006ff572f5, pid=16892, tid=16652
#
# JRE version: Java(TM) SE Runtime Environment (8.0_05-b13) (build 1.8.0_05-b13)
# Java VM: Java HotSpot(TM) 64-Bit Server VM (25.5-b02 mixed mode windows-amd64 compressed oops)
# Problematic frame:
# V  [jvm.dll+0x1172f5]
#
# Failed to write core dump. Minidumps are not enabled by default on client versions of Windows
#
# If you would like to submit a bug report, please visit:
#   http://bugreport.sun.com/bugreport/crash.jsp
#

---------------  T H R E A D  ---------------

Current thread (0x0000000058ca9800):  JavaThread "JDWP Transport Listener: dt_socket" daemon [_thread_in_vm, id=16652, stack(0x000000005a4b0000,0x000000005a5b0000)]

siginfo: ExceptionCode=0xc0000005, reading address 0xffffffffffffffff

Registers:
RAX=0x000000005a5af901, RBX=0x0000000058ca9800, RCX=0x72702f656c61636f, RDX=0x0000000000000000
RSP=0x000000005a5af8f0, RBP=0x72702f656c61636f, RSI=0x000000005a5afa08, RDI=0x00000000003d93b0
R8 =0x0000000058ca9800, R9 =0x000309fa002a0008, R10=0x0000000000000000, R11=0x000000005a5afba0
R12=0x0000000000000000, R13=0x0000000058cb0028, R14=0x0000000000000000, R15=0x0000000000000000
RIP=0x000000006ff572f5, EFLAGS=0x0000000000010206

Top of Stack: (sp=0x000000005a5af8f0)
0x000000005a5af8f0:   0000000058ca9800 0000000058ca9800
0x000000005a5af900:   000000005a5af9b8 000000007014a04b
0x000000005a5af910:   0000000058ca9800 00000000701668ad
0x000000005a5af920:   0000000000000000 0000000062349149
0x000000005a5af930:   00000000571bd5d8 0000000062352912
0x000000005a5af940:   0000000058ca9800 0000000000000000
0x000000005a5af950:   0000000000000000 0000000000000000
0x000000005a5af960:   72702f656c61636f 0000000062351a09
0x000000005a5af970:   000000005a5afa08 000000005a5af9e0
0x000000005a5af980:   0000000000000001 00000000571bd5d8
0x000000005a5af990:   72702f656c61636f 00000000623353b3
0x000000005a5af9a0:   000000005a5afad0 0000000000000001
0x000000005a5af9b0:   0000000000000001 00000000571bd5d8
0x000000005a5af9c0:   0000000000000009 0000000000000000
0x000000005a5af9d0:   0000000000000000 0000000000000000
0x000000005a5af9e0:   0000000000000001 0000000062335571 

Instructions: (pc=0x000000006ff572f5)
0x000000006ff572d5:   cc cc cc cc cc cc cc cc cc cc cc 48 83 ec 28 48
0x000000006ff572e5:   85 c9 75 07 33 c0 48 83 c4 28 c3 48 89 5c 24 20
0x000000006ff572f5:   48 8b 19 48 85 db 74 20 48 83 fb 37 74 1a 48 8b
0x000000006ff57305:   13 48 8b cb ff 52 08 84 c0 74 0d 48 8b c3 48 8b 


Register to memory mapping:

RAX=0x000000005a5af901 is pointing into the stack for thread: 0x0000000058ca9800
RBX=0x0000000058ca9800 is a thread
RCX=0x72702f656c61636f is an unknown value
RDX=0x0000000000000000 is an unknown value
RSP=0x000000005a5af8f0 is pointing into the stack for thread: 0x0000000058ca9800
RBP=0x72702f656c61636f is an unknown value
RSI=0x000000005a5afa08 is pointing into the stack for thread: 0x0000000058ca9800
RDI=0x00000000003d93b0 is an unknown value
R8 =0x0000000058ca9800 is a thread
R9 =0x000309fa002a0008 is an unknown value
R10=0x0000000000000000 is an unknown value
R11=0x000000005a5afba0 is pointing into the stack for thread: 0x0000000058ca9800
R12=0x0000000000000000 is an unknown value
R13=0x0000000058cb0028 is an unknown value
R14=0x0000000000000000 is an unknown value
R15=0x0000000000000000 is an unknown value


Stack: [0x000000005a4b0000,0x000000005a5b0000],  sp=0x000000005a5af8f0,  free space=1022k
Native frames: (J=compiled Java code, j=interpreted, Vv=VM code, C=native code)
V  [jvm.dll+0x1172f5]
V  [jvm.dll+0x3268ad]
C  [jdwp.dll+0x21a09]
C  [jdwp.dll+0x53b3]
C  [jdwp.dll+0x5571]
C  [jdwp.dll+0xf09c]
C  [jdwp.dll+0x1f2c9]
C  [jdwp.dll+0x1f49e]
V  [jvm.dll+0x1a7128]
V  [jvm.dll+0x2232c4]
V  [jvm.dll+0x27baca]
C  [msvcr100.dll+0x21d9f]
C  [msvcr100.dll+0x21e3b]
C  [kernel32.dll+0x159ed]
C  [ntdll.dll+0x2c541]


---------------  P R O C E S S  ---------------

Java Threads: ( => current thread )
  0x0000000058d50800 JavaThread "Service Thread" daemon [_thread_blocked, id=12448, stack(0x000000005a720000,0x000000005a820000)]
  0x0000000058cd6800 JavaThread "C1 CompilerThread3" daemon [_thread_blocked, id=7236, stack(0x000000005aca0000,0x000000005ada0000)]
  0x0000000058ccc000 JavaThread "C2 CompilerThread2" daemon [_thread_blocked, id=17904, stack(0x000000005a990000,0x000000005aa90000)]
  0x0000000058cc9800 JavaThread "C2 CompilerThread1" daemon [_thread_blocked, id=864, stack(0x000000005aa90000,0x000000005ab90000)]
  0x0000000058cd2800 JavaThread "C2 CompilerThread0" daemon [_thread_blocked, id=14680, stack(0x000000005a830000,0x000000005a930000)]
  0x0000000058cbb800 JavaThread "JDWP Command Reader" daemon [_thread_in_native, id=15116, stack(0x000000005a620000,0x000000005a720000)]
  0x0000000058cb6800 JavaThread "JDWP Event Helper Thread" daemon [_thread_blocked, id=15864, stack(0x000000005a370000,0x000000005a470000)]
=>0x0000000058ca9800 JavaThread "JDWP Transport Listener: dt_socket" daemon [_thread_in_vm, id=16652, stack(0x000000005a4b0000,0x000000005a5b0000)]
  0x0000000058c9f000 JavaThread "Attach Listener" daemon [_thread_blocked, id=18044, stack(0x0000000059db0000,0x0000000059eb0000)]
  0x0000000058c9e000 JavaThread "Signal Dispatcher" daemon [_thread_blocked, id=17572, stack(0x000000005a220000,0x000000005a320000)]
  0x000000000259f000 JavaThread "Finalizer" daemon [_thread_blocked, id=17048, stack(0x000000005a0d0000,0x000000005a1d0000)]
  0x00000000571b3800 JavaThread "Reference Handler" daemon [_thread_blocked, id=15708, stack(0x0000000059ed0000,0x0000000059fd0000)]
  0x0000000002508000 JavaThread "main" [_thread_blocked, id=17076, stack(0x0000000002670000,0x0000000002770000)]

Other Threads:
  0x0000000058c52800 VMThread [stack: 0x0000000059c40000,0x0000000059d40000] [id=17920]
  0x0000000058cd7000 WatcherThread [stack: 0x000000005ae10000,0x000000005af10000] [id=17492]

VM state:not at safepoint (normal execution)

VM Mutex/Monitor currently owned by a thread: None

Heap:
 PSYoungGen      total 1024K, used 648K [0x00000000d5d00000, 0x00000000d5f00000, 0x0000000100000000)
  eden space 512K, 32% used [0x00000000d5d00000,0x00000000d5d2a1e0,0x00000000d5d80000)
  from space 512K, 93% used [0x00000000d5e00000,0x00000000d5e78020,0x00000000d5e80000)
  to   space 512K, 0% used [0x00000000d5d80000,0x00000000d5d80000,0x00000000d5e00000)
 ParOldGen       total 129536K, used 144K [0x0000000081600000, 0x0000000089480000, 0x00000000d5d00000)
  object space 129536K, 0% used [0x0000000081600000,0x0000000081624010,0x0000000089480000)
 Metaspace       used 3568K, capacity 4544K, committed 4864K, reserved 1056768K
  class space    used 401K, capacity 428K, committed 512K, reserved 1048576K

Card table byte_map: [0x0000000011bc0000,0x0000000011fc0000] byte_map_base: 0x00000000117b5000

Marking Bits: (ParMarkBitMap*) 0x00000000705f13b0
 Begin Bits: [0x0000000012c80000, 0x0000000014c28000)
 End Bits:   [0x0000000014c28000, 0x0000000016bd0000)

Polling page: 0x0000000000230000

CodeCache: size=245760Kb used=1235Kb max_used=1235Kb free=244524Kb
 bounds [0x0000000002800000, 0x0000000002a70000, 0x0000000011800000]
 total_blobs=321 nmethods=81 adapters=162
 compilation: enabled

Compilation events (10 events):
Event: 0.119 Thread 0x0000000058cd6800   76       3       java.util.HashSet::add (20 bytes)
Event: 0.119 Thread 0x0000000058cd6800 nmethod 76 0x000000000292e8d0 code [0x000000000292ea60, 0x000000000292eef8]
Event: 0.119 Thread 0x0000000058cd6800   78       3       java.util.HashMap::getNode (148 bytes)
Event: 0.120 Thread 0x0000000058cd6800 nmethod 78 0x0000000002931d50 code [0x0000000002931f20, 0x00000000029328c8]
Event: 0.120 Thread 0x0000000058cd6800   79       3       java.nio.ByteBuffer::arrayOffset (35 bytes)
Event: 0.120 Thread 0x0000000058cd6800 nmethod 79 0x000000000292e310 code [0x000000000292e4a0, 0x000000000292e778]
Event: 0.120 Thread 0x0000000058cd6800   80       3       java.lang.StringBuilder::<init> (7 bytes)
Event: 0.120 Thread 0x0000000058cd6800 nmethod 80 0x0000000002931850 code [0x00000000029319c0, 0x0000000002931c50]
Event: 0.120 Thread 0x0000000058cd6800   81       3       java.lang.String::endsWith (17 bytes)
Event: 0.120 Thread 0x0000000058cd6800 nmethod 81 0x0000000002931390 code [0x0000000002931500, 0x0000000002931728]

GC Heap History (4 events):
Event: 0.077 GC heap before
{Heap before GC invocations=1 (full 0):
 PSYoungGen      total 1024K, used 512K [0x00000000d5d00000, 0x00000000d5e80000, 0x0000000100000000)
  eden space 512K, 100% used [0x00000000d5d00000,0x00000000d5d80000,0x00000000d5d80000)
  from space 512K, 0% used [0x00000000d5e00000,0x00000000d5e00000,0x00000000d5e80000)
  to   space 512K, 0% used [0x00000000d5d80000,0x00000000d5d80000,0x00000000d5e00000)
 ParOldGen       total 129536K, used 0K [0x0000000081600000, 0x0000000089480000, 0x00000000d5d00000)
  object space 129536K, 0% used [0x0000000081600000,0x0000000081600000,0x0000000089480000)
 Metaspace       used 2553K, capacity 4480K, committed 4480K, reserved 1056768K
  class space    used 274K, capacity 384K, committed 384K, reserved 1048576K
Event: 0.077 GC heap after
Heap after GC invocations=1 (full 0):
 PSYoungGen      total 1024K, used 416K [0x00000000d5d00000, 0x00000000d5e80000, 0x0000000100000000)
  eden space 512K, 0% used [0x00000000d5d00000,0x00000000d5d00000,0x00000000d5d80000)
  from space 512K, 81% used [0x00000000d5d80000,0x00000000d5de8000,0x00000000d5e00000)
  to   space 512K, 0% used [0x00000000d5e00000,0x00000000d5e00000,0x00000000d5e80000)
 ParOldGen       total 129536K, used 8K [0x0000000081600000, 0x0000000089480000, 0x00000000d5d00000)
  object space 129536K, 0% used [0x0000000081600000,0x0000000081602000,0x0000000089480000)
 Metaspace       used 2553K, capacity 4480K, committed 4480K, reserved 1056768K
  class space    used 274K, capacity 384K, committed 384K, reserved 1048576K
}
Event: 0.110 GC heap before
{Heap before GC invocations=2 (full 0):
 PSYoungGen      total 1024K, used 928K [0x00000000d5d00000, 0x00000000d5e80000, 0x0000000100000000)
  eden space 512K, 100% used [0x00000000d5d00000,0x00000000d5d80000,0x00000000d5d80000)
  from space 512K, 81% used [0x00000000d5d80000,0x00000000d5de8000,0x00000000d5e00000)
  to   space 512K, 0% used [0x00000000d5e00000,0x00000000d5e00000,0x00000000d5e80000)
 ParOldGen       total 129536K, used 8K [0x0000000081600000, 0x0000000089480000, 0x00000000d5d00000)
  object space 129536K, 0% used [0x0000000081600000,0x0000000081602000,0x0000000089480000)
 Metaspace       used 3262K, capacity 4486K, committed 4864K, reserved 1056768K
  class space    used 366K, capacity 386K, committed 512K, reserved 1048576K
Event: 0.110 GC heap after
Heap after GC invocations=2 (full 0):
 PSYoungGen      total 1024K, used 480K [0x00000000d5d00000, 0x00000000d5f00000, 0x0000000100000000)
  eden space 512K, 0% used [0x00000000d5d00000,0x00000000d5d00000,0x00000000d5d80000)
  from space 512K, 93% used [0x00000000d5e00000,0x00000000d5e78020,0x00000000d5e80000)
  to   space 512K, 0% used [0x00000000d5d80000,0x00000000d5d80000,0x00000000d5e00000)
 ParOldGen       total 129536K, used 144K [0x0000000081600000, 0x0000000089480000, 0x00000000d5d00000)
  object space 129536K, 0% used [0x0000000081600000,0x0000000081624010,0x0000000089480000)
 Metaspace       used 3262K, capacity 4486K, committed 4864K, reserved 1056768K
  class space    used 366K, capacity 386K, committed 512K, reserved 1048576K
}

Deoptimization events (0 events):
No events

Internal exceptions (9 events):
Event: 0.030 Thread 0x0000000002508000 Exception <a 'java/lang/NoSuchMethodError': Method sun.misc.Unsafe.defineClass(Ljava/lang/String;[BII)Ljava/lang/Class; name or signature does not match> (0x00000000d5d14c90) thrown at [D:\re\workspace\8-2-build-windows-amd64-cygwin\jdk8u5\2488\hotspot\srcãEš­‘4Ÿ?
Event: 0.030 Thread 0x0000000002508000 Exception <a 'java/lang/NoSuchMethodError': Method sun.misc.Unsafe.prefetchRead(Ljava/lang/Object;J)V name or signature does not match> (0x00000000d5d14f20) thrown at [D:\re\workspace\8-2-build-windows-amd64-cygwin\jdk8u5\2488\hotspot\src\share\vm\prims\jn†‚Ï‚À×±?
Event: 0.070 Thread 0x0000000002508000 Exception <a 'java/security/PrivilegedActionException'> (0x00000000d5d73550) thrown at [D:\re\workspace\8-2-build-windows-amd64-cygwin\jdk8u5\2488\hotspot\src\share\vm\prims\jvm.cpp, line 1248]
Event: 0.105 Thread 0x0000000002508000 Exception <a 'java/security/PrivilegedActionException'> (0x00000000d5d76bf0) thrown at [D:\re\workspace\8-2-build-windows-amd64-cygwin\jdk8u5\2488\hotspot\src\share\vm\prims\jvm.cpp, line 1248]
Event: 0.105 Thread 0x0000000002508000 Exception <a 'java/security/PrivilegedActionException'> (0x00000000d5d76f38) thrown at [D:\re\workspace\8-2-build-windows-amd64-cygwin\jdk8u5\2488\hotspot\src\share\vm\prims\jvm.cpp, line 1248]
Event: 0.106 Thread 0x0000000002508000 Exception <a 'java/security/PrivilegedActionException'> (0x00000000d5d7af20) thrown at [D:\re\workspace\8-2-build-windows-amd64-cygwin\jdk8u5\2488\hotspot\src\share\vm\prims\jvm.cpp, line 1248]
Event: 0.106 Thread 0x0000000002508000 Exception <a 'java/security/PrivilegedActionException'> (0x00000000d5d7b268) thrown at [D:\re\workspace\8-2-build-windows-amd64-cygwin\jdk8u5\2488\hotspot\src\share\vm\prims\jvm.cpp, line 1248]
Event: 0.118 Thread 0x0000000002508000 Exception <a 'java/security/PrivilegedActionException'> (0x00000000d5d199a8) thrown at [D:\re\workspace\8-2-build-windows-amd64-cygwin\jdk8u5\2488\hotspot\src\share\vm\prims\jvm.cpp, line 1248]
Event: 0.119 Thread 0x0000000002508000 Exception <a 'java/security/PrivilegedActionException'> (0x00000000d5d1f380) thrown at [D:\re\workspace\8-2-build-windows-amd64-cygwin\jdk8u5\2488\hotspot\src\share\vm\prims\jvm.cpp, line 1248]

Events (10 events):
Event: 88.271 Executing VM operation: ChangeBreakpoints
Event: 88.271 Executing VM operation: ChangeBreakpoints done
Event: 88.271 Executing VM operation: ChangeBreakpoints
Event: 88.271 Executing VM operation: ChangeBreakpoints done
Event: 88.273 Executing VM operation: ChangeBreakpoints
Event: 88.273 Executing VM operation: ChangeBreakpoints done
Event: 392.597 Executing VM operation: ChangeBreakpoints
Event: 392.598 Executing VM operation: ChangeBreakpoints done
Event: 392.599 Executing VM operation: RedefineClasses
Event: 392.599 Executing VM operation: RedefineClasses done


Dynamic libraries:
0x000000013f330000 - 0x000000013f364000 	C:\Program Files\Java\jdk1.8.0_05\bin\java.exe
0x0000000076f40000 - 0x00000000770e9000 	C:\Windows\SYSTEM32\ntdll.dll
0x0000000076e20000 - 0x0000000076f3f000 	C:\Windows\system32\kernel32.dll
0x000007fefcdd0000 - 0x000007fefce3c000 	C:\Windows\system32\KERNELBASE.dll
0x000007fefea20000 - 0x000007fefeafb000 	C:\Windows\system32\ADVAPI32.dll
0x000007feff0d0000 - 0x000007feff16f000 	C:\Windows\system32\msvcrt.dll
0x000007fefe540000 - 0x000007fefe55f000 	C:\Windows\SYSTEM32\sechost.dll
0x000007fefe230000 - 0x000007fefe35d000 	C:\Windows\system32\RPCRT4.dll
0x0000000076d20000 - 0x0000000076e1a000 	C:\Windows\system32\USER32.dll
0x000007feff1e0000 - 0x000007feff247000 	C:\Windows\system32\GDI32.dll
0x000007fefd1e0000 - 0x000007fefd1ee000 	C:\Windows\system32\LPK.dll
0x000007feff000000 - 0x000007feff0c9000 	C:\Windows\system32\USP10.dll
0x000007fefb5f0000 - 0x000007fefb7e4000 	C:\Windows\WinSxS\amd64_microsoft.windows.common-controls_6595b64144ccf1df_6.0.7601.17514_none_fa396087175ac9ac\COMCTL32.dll
0x000007fefe560000 - 0x000007fefe5d1000 	C:\Windows\system32\SHLWAPI.dll
0x000007fefd110000 - 0x000007fefd13e000 	C:\Windows\system32\IMM32.DLL
0x000007fefe6c0000 - 0x000007fefe7c9000 	C:\Windows\system32\MSCTF.dll
0x000007fefcc90000 - 0x000007fefccbf000 	C:\Windows\system32\nvinitx.dll
0x0000000057430000 - 0x0000000057502000 	C:\Program Files\Java\jdk1.8.0_05\jre\bin\msvcr100.dll
0x000000006fe40000 - 0x000000007066a000 	C:\Program Files\Java\jdk1.8.0_05\jre\bin\server\jvm.dll
0x000007fee8d30000 - 0x000007fee8d39000 	C:\Windows\system32\WSOCK32.dll
0x000007feff190000 - 0x000007feff1dd000 	C:\Windows\system32\WS2_32.dll
0x000007fefeb00000 - 0x000007fefeb08000 	C:\Windows\system32\NSI.dll
0x000007fef9c10000 - 0x000007fef9c4b000 	C:\Windows\system32\WINMM.dll
0x0000000077100000 - 0x0000000077107000 	C:\Windows\system32\PSAPI.DLL
0x000000006a040000 - 0x000000006a04f000 	C:\Program Files\Java\jdk1.8.0_05\jre\bin\verify.dll
0x0000000062400000 - 0x0000000062428000 	C:\Program Files\Java\jdk1.8.0_05\jre\bin\java.dll
0x0000000062330000 - 0x0000000062365000 	C:\Program Files\Java\jdk1.8.0_05\jre\bin\jdwp.dll
0x0000000068e50000 - 0x0000000068e58000 	C:\Program Files\Java\jdk1.8.0_05\jre\bin\npt.dll
0x0000000062e00000 - 0x0000000062e16000 	C:\Program Files\Java\jdk1.8.0_05\jre\bin\zip.dll
0x000007fefd4a0000 - 0x000007fefe228000 	C:\Windows\system32\SHELL32.dll
0x000007fefd1f0000 - 0x000007fefd3f3000 	C:\Windows\system32\ole32.dll
0x000007fefcd50000 - 0x000007fefcd5f000 	C:\Windows\system32\profapi.dll
0x000000006a030000 - 0x000000006a039000 	C:\Program Files\Java\jdk1.8.0_05\jre\bin\dt_socket.dll
0x000007fefc4c0000 - 0x000007fefc515000 	C:\Windows\system32\mswsock.dll
0x000007fefbe70000 - 0x000007fefbe77000 	C:\Windows\System32\wshtcpip.dll
0x000007fef4ed0000 - 0x000007fef4ff5000 	C:\Windows\system32\dbghelp.dll

VM Arguments:
jvm_args: -agentlib:jdwp=transport=dt_socket,address=127.0.0.1:6960,suspend=y,server=n -Dfile.encoding=UTF-8 
java_command: P4_StraightFlush
java_class_path (initial): C:\Program Files\Java\jdk1.8.0_05\jre\lib\charsets.jar;C:\Program Files\Java\jdk1.8.0_05\jre\lib\deploy.jar;C:\Program Files\Java\jdk1.8.0_05\jre\lib\javaws.jar;C:\Program Files\Java\jdk1.8.0_05\jre\lib\jce.jar;C:\Program Files\Java\jdk1.8.0_05\jre\lib\jfr.jar;C:\Program Files\Java\jdk1.8.0_05\jre\lib\jfxswt.jar;C:\Program Files\Java\jdk1.8.0_05\jre\lib\jsse.jar;C:\Program Files\Java\jdk1.8.0_05\jre\lib\management-agent.jar;C:\Program Files\Java\jdk1.8.0_05\jre\lib\plugin.jar;C:\Program Files\Java\jdk1.8.0_05\jre\lib\resources.jar;C:\Program Files\Java\jdk1.8.0_05\jre\lib\rt.jar;C:\Program Files\Java\jdk1.8.0_05\jre\lib\ext\access-bridge-64.jar;C:\Program Files\Java\jdk1.8.0_05\jre\lib\ext\cldrdata.jar;C:\Program Files\Java\jdk1.8.0_05\jre\lib\ext\dnsns.jar;C:\Program Files\Java\jdk1.8.0_05\jre\lib\ext\jaccess.jar;C:\Program Files\Java\jdk1.8.0_05\jre\lib\ext\jfxrt.jar;C:\Program Files\Java\jdk1.8.0_05\jre\lib\ext\localedata.jar;C:\Program Files\Java\jdk1.8.0_05\jre\lib\ext\nashorn.jar;C:\Program Files\Java\jdk1.8.0_05\jre\lib\ext\sunec.jar;C:\Program Files\Java\jdk1.8.0_05\jre\lib\ext\sunjce_provider.jar;C:\Program Files\Java\jdk1.8.0_05\jre\lib\ext\sunmscapi.jar;C:\Program Files\Java\jdk1.8.0_05\jre\lib\ext\sunpkcs11.jar;C:\Program Files\Java\jdk1.8.0_05\jre\lib\ext\zipfs.jar;C:\Users\Kosta\Dropbox\SoftUni\SoftUni\Semester 1\01. Java Basics\ExamPrep\Exam4\out\production\Exam4;C:\Program Files (x86)\JetBrains\IntelliJ IDEA 13.1.4\lib\idea_rt.jar
Launcher Type: SUN_STANDARD

Environment Variables:
PATH=C:\ProgramData\Oracle\Java\javapath;C:\Program Files (x86)\NVIDIA Corporation\PhysX\Common;C:\Program Files\Common Files\Microsoft Shared\Windows Live;C:\Program Files (x86)\Common Files\Microsoft Shared\Windows Live;C:\Windows\system32;C:\Windows;C:\Windows\System32\Wbem;C:\Windows\System32\WindowsPowerShell\v1.0\;C:\Program Files\Intel\DMIX;C:\PROGRA~2\Borland\BDE;C:\Program Files (x86)\Microsoft SQL Server\100\Tools\Binn\;C:\Program Files\Microsoft SQL Server\100\Tools\Binn\;C:\Program Files\Microsoft SQL Server\100\DTS\Binn\;C:\Program Files (x86)\Windows Live\Shared;C:\Program Files\Common Files\Autodesk Shared\;C:\Program Files (x86)\Microsoft SQL Server\100\DTS\Binn\;C:\Python27;C:\Python27\Scripts;C:\Program Files (x86)\Microsoft ASP.NET\ASP.NET Web Pages\v1.0\;C:\Program Files\Microsoft SQL Server\110\Tools\Binn\;C:\Program Files (x86)\Intel\OpenCL SDK\1.5\bin\x86;C:\Program Files (x86)\Intel\OpenCL SDK\1.5\bin\x64;C:\Program Files (x86)\Windows Kits\8.1\Windows Performance Toolkit\;C:\Program Files\Microsoft\Web Platform Installer\;C:\Program Files (x86)\Microsoft SDKs\TypeScript\1.0\;C:\Program Files\Java\jdk1.8.0_05\bin;F:\nodeJs\;F:\nodeJs\node_modules\npm\bin;C:\Program Files (x86)\Git\cmd;C:\Users\Kosta\AppData\Roaming\npm;.;;.;
USERNAME=Kosta
OS=Windows_NT
PROCESSOR_IDENTIFIER=Intel64 Family 6 Model 42 Stepping 7, GenuineIntel



---------------  S Y S T E M  ---------------

OS: Windows 7 , 64 bit Build 7601 Service Pack 1

CPU:total 8 (4 cores per cpu, 2 threads per core) family 6 model 42 stepping 7, cmov, cx8, fxsr, mmx, sse, sse2, sse3, ssse3, sse4.1, sse4.2, popcnt, avx, aes, clmul, ht, tsc, tscinvbit

Memory: 4k page, physical 8291412k(2665100k free), swap 16580960k(8922864k free)

vm_info: Java HotSpot(TM) 64-Bit Server VM (25.5-b02) for windows-amd64 JRE (1.8.0_05-b13), built on Mar 18 2014 01:08:39 by "java_re" with MS VC++ 10.0 (VS2010)

time: Fri Sep 19 19:07:59 2014
elapsed time: 392 seconds

