c:\users\kvdin\onedrive\softuni\softuni\open courses\c_programming\exampreparation\c_exam_preparation\debug\03.bitwise1024.lib
c:\users\kvdin\onedrive\softuni\softuni\open courses\c_programming\exampreparation\c_exam_preparation\debug\03.bitwise1024.exp
c:\users\kvdin\onedrive\softuni\open courses\c_programming\exampreparation\c_exam_preparation\debug\03.bitwise1024.lib
c:\users\kvdin\onedrive\softuni\open courses\c_programming\exampreparation\c_exam_preparation\debug\03.bitwise1024.exp
c:\users\kvdin\onedrive\softuni\softuni\open courses\c_programming\exampreparation\c_exam_preparation\03.bitwise1024\debug\vc140.pdb
c:\users\kvdin\onedrive\softuni\softuni\open courses\c_programming\exampreparation\c_exam_preparation\03.bitwise1024\debug\vc140.idb
c:\users\kvdin\onedrive\softuni\softuni\open courses\c_programming\exampreparation\c_exam_preparation\03.bitwise1024\debug\03_main.obj
c:\users\kvdin\onedrive\softuni\open courses\c_programming\exampreparation\c_exam_preparation\03.bitwise1024\debug\vc140.pdb
c:\users\kvdin\onedrive\softuni\open courses\c_programming\exampreparation\c_exam_preparation\03.bitwise1024\debug\vc140.idb
c:\users\kvdin\onedrive\softuni\open courses\c_programming\exampreparation\c_exam_preparation\03.bitwise1024\debug\03_main.obj
c:\users\kvdin\onedrive\softuni\softuni\open courses\c_programming\exampreparation\c_exam_preparation\debug\03.bitwise1024.ilk
c:\users\kvdin\onedrive\softuni\softuni\open courses\c_programming\exampreparation\c_exam_preparation\debug\03.bitwise1024.exe
c:\users\kvdin\onedrive\softuni\softuni\open courses\c_programming\exampreparation\c_exam_preparation\debug\03.bitwise1024.pdb
c:\users\kvdin\onedrive\softuni\open courses\c_programming\exampreparation\c_exam_preparation\debug\03.bitwise1024.ilk
c:\users\kvdin\onedrive\softuni\open courses\c_programming\exampreparation\c_exam_preparation\debug\03.bitwise1024.exe
c:\users\kvdin\onedrive\softuni\open courses\c_programming\exampreparation\c_exam_preparation\debug\03.bitwise1024.pdb
c:\users\kvdin\onedrive\softuni\open courses\c_programming\exampreparation\c_exam_preparation\03.bitwise1024\debug\03.bitwise1024.tlog\03.bitwise1024.write.1u.tlog
c:\users\kvdin\onedrive\softuni\open courses\c_programming\exampreparation\c_exam_preparation\03.bitwise1024\debug\03.bitwise1024.tlog\cl.command.1.tlog
c:\users\kvdin\onedrive\softuni\open courses\c_programming\exampreparation\c_exam_preparation\03.bitwise1024\debug\03.bitwise1024.tlog\cl.read.1.tlog
c:\users\kvdin\onedrive\softuni\open courses\c_programming\exampreparation\c_exam_preparation\03.bitwise1024\debug\03.bitwise1024.tlog\cl.write.1.tlog
c:\users\kvdin\onedrive\softuni\open courses\c_programming\exampreparation\c_exam_preparation\03.bitwise1024\debug\03.bitwise1024.tlog\link.command.1.tlog
c:\users\kvdin\onedrive\softuni\open courses\c_programming\exampreparation\c_exam_preparation\03.bitwise1024\debug\03.bitwise1024.tlog\link.read.1.tlog
c:\users\kvdin\onedrive\softuni\open courses\c_programming\exampreparation\c_exam_preparation\03.bitwise1024\debug\03.bitwise1024.tlog\link.write.1.tlog
